<?xml version="1.0" encoding="UTF-8"?>
<testng-results ignored="0" total="1" passed="1" failed="0" skipped="0">
  <reporter-output>
  </reporter-output>
  <suite started-at="2023-03-01T08:57:29 CET" name="Suite" finished-at="2023-03-01T08:57:32 CET" duration-ms="2485">
    <groups>
    </groups>
    <test started-at="2023-03-01T08:57:29 CET" name="Test" finished-at="2023-03-01T08:57:32 CET" duration-ms="2485">
      <class name="ejemplo.NewTest">
        <test-method is-config="true" signature="beforeTest()[pri:0, instance:ejemplo.NewTest@47d9a273]" started-at="2023-03-01T08:57:29 CET" name="beforeTest" finished-at="2023-03-01T08:57:31 CET" duration-ms="1616" status="PASS">
          <reporter-output>
          </reporter-output>
        </test-method> <!-- beforeTest -->
        <test-method signature="test()[pri:0, instance:ejemplo.NewTest@47d9a273]" started-at="2023-03-01T08:57:31 CET" name="test" finished-at="2023-03-01T08:57:32 CET" duration-ms="743" status="PASS">
          <reporter-output>
          </reporter-output>
        </test-method> <!-- test -->
        <test-method is-config="true" signature="afterTest()[pri:0, instance:ejemplo.NewTest@47d9a273]" started-at="2023-03-01T08:57:32 CET" name="afterTest" finished-at="2023-03-01T08:57:32 CET" duration-ms="105" status="PASS">
          <reporter-output>
          </reporter-output>
        </test-method> <!-- afterTest -->
      </class> <!-- ejemplo.NewTest -->
    </test> <!-- Test -->
  </suite> <!-- Suite -->
</testng-results>
