<?xml version="1.0" encoding="UTF-8"?>
<testng-results ignored="0" total="1" passed="1" failed="0" skipped="0">
  <reporter-output>
  </reporter-output>
  <suite started-at="2023-02-28T18:01:39 CET" name="Suite" finished-at="2023-02-28T18:01:43 CET" duration-ms="4616">
    <groups>
    </groups>
    <test started-at="2023-02-28T18:01:39 CET" name="Test" finished-at="2023-02-28T18:01:43 CET" duration-ms="4616">
      <class name="ejemplo.NewTest">
        <test-method is-config="true" signature="beforeTest()[pri:0, instance:ejemplo.NewTest@121314f7]" started-at="2023-02-28T18:01:39 CET" name="beforeTest" finished-at="2023-02-28T18:01:42 CET" duration-ms="3590" status="PASS">
          <reporter-output>
          </reporter-output>
        </test-method> <!-- beforeTest -->
        <test-method signature="test()[pri:0, instance:ejemplo.NewTest@121314f7]" started-at="2023-02-28T18:01:42 CET" name="test" finished-at="2023-02-28T18:01:43 CET" duration-ms="874" status="PASS">
          <reporter-output>
          </reporter-output>
        </test-method> <!-- test -->
        <test-method is-config="true" signature="afterTest()[pri:0, instance:ejemplo.NewTest@121314f7]" started-at="2023-02-28T18:01:43 CET" name="afterTest" finished-at="2023-02-28T18:01:43 CET" duration-ms="107" status="PASS">
          <reporter-output>
          </reporter-output>
        </test-method> <!-- afterTest -->
      </class> <!-- ejemplo.NewTest -->
    </test> <!-- Test -->
  </suite> <!-- Suite -->
</testng-results>
